<?xml version="1.0" encoding="utf-8"?><testsuites><testsuite name="pytest" errors="0" failures="0" skipped="0" tests="7" time="2.237" timestamp="2024-06-27T10:45:51.613974" hostname="wilma-2.broadband"><testcase classname="tests.unit.test_main" name="test_read_root" time="0.023" /><testcase classname="tests.unit.test_main" name="test_calculate_add" time="0.006" /><testcase classname="tests.unit.test_main" name="test_calculate_subtract" time="0.006" /><testcase classname="tests.unit.test_main" name="test_calculate_multiply" time="0.006" /><testcase classname="tests.unit.test_main" name="test_calculate_divide" time="0.005" /><testcase classname="tests.unit.test_main" name="test_calculate_divide_by_zero" time="0.005" /><testcase classname="tests.unit.test_main" name="test_calculate_invalid_operation" time="0.006" /></testsuite></testsuites>